2020-09-18 03:25:14,377 INFO  [org.jboss.modules] (main) JBoss Modules version 1.10.1.Final
2020-09-18 03:25:14,874 INFO  [org.jboss.msc] (main) JBoss MSC version 1.4.11.Final
2020-09-18 03:25:14,888 INFO  [org.jboss.threads] (main) JBoss Threads version 2.3.3.Final
2020-09-18 03:25:15,026 INFO  [org.jboss.as] (MSC service thread 1-1) WFLYSRV0049: Keycloak 11.0.2 (WildFly Core 12.0.3.Final) starting
2020-09-18 03:25:15,028 DEBUG [org.jboss.as.config] (MSC service thread 1-1) Configured system properties:
	awt.toolkit = sun.awt.windows.WToolkit
	file.encoding = Cp1252
	file.encoding.pkg = sun.io
	file.separator = \
	java.awt.graphicsenv = sun.awt.Win32GraphicsEnvironment
	java.awt.printerjob = sun.awt.windows.WPrinterJob
	java.class.path = C:\huiswerk\buddyproject\api\authentication-server\jboss-modules.jar
	java.class.version = 52.0
	java.endorsed.dirs = C:\Program Files\Java\jdk1.8.0_261\jre\lib\endorsed
	java.ext.dirs = C:\Program Files\Java\jdk1.8.0_261\jre\lib\ext;C:\Windows\Sun\Java\lib\ext
	java.home = C:\Program Files\Java\jdk1.8.0_261\jre
	java.io.tmpdir = C:\Users\tim\AppData\Local\Temp\
	java.library.path = C:\Program Files\Java\jdk1.8.0_261\bin;C:\Windows\Sun\Java\bin;C:\Windows\system32;C:\Windows;C:\Program Files (x86)\Common Files\Oracle\Java\javapath;C:\Windows\system32;C:\Windows;C:\Windows\System32\Wbem;C:\Windows\System32\WindowsPowerShell\v1.0\;C:\Windows\System32\OpenSSH\;C:\Program Files (x86)\Microsoft SQL Server\150\DTS\Binn\;C:\Program Files\Microsoft SQL Server\Client SDK\ODBC\170\Tools\Binn\;C:\Program Files (x86)\Microsoft SQL Server\150\Tools\Binn\;C:\Program Files\Microsoft SQL Server\150\Tools\Binn\;C:\Program Files\Microsoft SQL Server\150\DTS\Binn\;C:\Program Files\Java\jdk1.8.0_261\bin;C:\Program Files\JetBrains\IntelliJ IDEA Community Edition 2020.2.1\bin;;C:\Users\tim\AppData\Local\Microsoft\WindowsApps;;.
	java.net.preferIPv4Stack = true
	java.runtime.name = Java(TM) SE Runtime Environment
	java.runtime.version = 1.8.0_261-b12
	java.specification.name = Java Platform API Specification
	java.specification.vendor = Oracle Corporation
	java.specification.version = 1.8
	java.util.logging.manager = org.jboss.logmanager.LogManager
	java.vendor = Oracle Corporation
	java.vendor.url = http://java.oracle.com/
	java.vendor.url.bug = http://bugreport.sun.com/bugreport/
	java.version = 1.8.0_261
	java.vm.info = mixed mode
	java.vm.name = Java HotSpot(TM) 64-Bit Server VM
	java.vm.specification.name = Java Virtual Machine Specification
	java.vm.specification.vendor = Oracle Corporation
	java.vm.specification.version = 1.8
	java.vm.vendor = Oracle Corporation
	java.vm.version = 25.261-b12
	javax.management.builder.initial = org.jboss.as.jmx.PluggableMBeanServerBuilder
	jboss.home.dir = C:\huiswerk\buddyproject\api\authentication-server
	jboss.host.name = desktop-phj0h6t
	jboss.modules.dir = C:\huiswerk\buddyproject\api\authentication-server\modules
	jboss.modules.system.pkgs = org.jboss.byteman
	jboss.node.name = desktop-phj0h6t
	jboss.qualified.host.name = desktop-phj0h6t
	jboss.server.base.dir = C:\huiswerk\buddyproject\api\authentication-server\standalone
	jboss.server.config.dir = C:\huiswerk\buddyproject\api\authentication-server\standalone\configuration
	jboss.server.data.dir = C:\huiswerk\buddyproject\api\authentication-server\standalone\data
	jboss.server.deploy.dir = C:\huiswerk\buddyproject\api\authentication-server\standalone\data\content
	jboss.server.log.dir = C:\huiswerk\buddyproject\api\authentication-server\standalone\log
	jboss.server.name = desktop-phj0h6t
	jboss.server.persist.config = true
	jboss.server.temp.dir = C:\huiswerk\buddyproject\api\authentication-server\standalone\tmp
	line.separator = 

	logging.configuration = file:C:\huiswerk\buddyproject\api\authentication-server\standalone\configuration/logging.properties
	module.path = C:\huiswerk\buddyproject\api\authentication-server\modules
	org.jboss.boot.log.file = C:\huiswerk\buddyproject\api\authentication-server\standalone\log\server.log
	org.jboss.resolver.warning = true
	os.arch = amd64
	os.name = Windows 10
	os.version = 10.0
	path.separator = ;
	program.name = standalone.bat
	sun.arch.data.model = 64
	sun.boot.class.path = C:\Program Files\Java\jdk1.8.0_261\jre\lib\resources.jar;C:\Program Files\Java\jdk1.8.0_261\jre\lib\rt.jar;C:\Program Files\Java\jdk1.8.0_261\jre\lib\sunrsasign.jar;C:\Program Files\Java\jdk1.8.0_261\jre\lib\jsse.jar;C:\Program Files\Java\jdk1.8.0_261\jre\lib\jce.jar;C:\Program Files\Java\jdk1.8.0_261\jre\lib\charsets.jar;C:\Program Files\Java\jdk1.8.0_261\jre\lib\jfr.jar;C:\Program Files\Java\jdk1.8.0_261\jre\classes
	sun.boot.library.path = C:\Program Files\Java\jdk1.8.0_261\jre\bin
	sun.cpu.endian = little
	sun.cpu.isalist = amd64
	sun.desktop = windows
	sun.io.unicode.encoding = UnicodeLittle
	sun.java.command = C:\huiswerk\buddyproject\api\authentication-server\jboss-modules.jar -mp C:\huiswerk\buddyproject\api\authentication-server\modules org.jboss.as.standalone -Djboss.home.dir=C:\huiswerk\buddyproject\api\authentication-server
	sun.java.launcher = SUN_STANDARD
	sun.jnu.encoding = Cp1252
	sun.management.compiler = HotSpot 64-Bit Tiered Compilers
	sun.os.patch.level = 
	sun.stderr.encoding = cp437
	sun.stdout.encoding = cp437
	student.country = US
	student.country.format = NL
	student.dir = C:\huiswerk\buddyproject\api\authentication-server\bin
	student.home = C:\Users\tim
	student.language = en
	student.name = tim
	student.script =
	student.timezone = Europe/Prague
	student.variant =
2020-09-18 03:25:15,029 DEBUG [org.jboss.as.config] (MSC service thread 1-1) VM Arguments: -Dprogram.name=standalone.bat -Xms64M -Xmx512M -XX:MetaspaceSize=96M -XX:MaxMetaspaceSize=256m -Djava.net.preferIPv4Stack=true -Djboss.modules.system.pkgs=org.jboss.byteman -Dorg.jboss.boot.log.file=C:\huiswerk\buddyproject\api\authentication-server\standalone\log\server.log -Dlogging.configuration=file:C:\huiswerk\buddyproject\api\authentication-server\standalone\configuration/logging.properties 
2020-09-18 03:25:15,991 INFO  [org.wildfly.security] (ServerService Thread Pool -- 20) ELY00001: WildFly Elytron version 1.12.1.Final
2020-09-18 03:25:16,817 INFO  [org.jboss.as.controller.management-deprecated] (Controller Boot Thread) WFLYCTL0028: Attribute 'security-realm' in the resource at address '/core-service=management/management-interface=http-interface' is deprecated, and may be removed in a future version. See the attribute description in the output of the read-resource-description operation to learn more about the deprecation.
2020-09-18 03:25:16,914 INFO  [org.jboss.as.controller.management-deprecated] (ServerService Thread Pool -- 4) WFLYCTL0028: Attribute 'security-realm' in the resource at address '/subsystem=undertow/server=default-server/https-listener=https' is deprecated, and may be removed in a future version. See the attribute description in the output of the read-resource-description operation to learn more about the deprecation.
2020-09-18 03:25:17,010 INFO  [org.jboss.as.server] (Controller Boot Thread) WFLYSRV0039: Creating http management service using socket-binding (management-http)
2020-09-18 03:25:17,027 INFO  [org.xnio] (MSC service thread 1-5) XNIO version 3.8.1.Final
2020-09-18 03:25:17,035 INFO  [org.xnio.nio] (MSC service thread 1-5) XNIO NIO Implementation Version 3.8.1.Final
2020-09-18 03:25:17,109 INFO  [org.jboss.as.clustering.infinispan] (ServerService Thread Pool -- 37) WFLYCLINF0001: Activating Infinispan subsystem.
2020-09-18 03:25:17,119 INFO  [org.wildfly.extension.microprofile.config.smallrye._private] (ServerService Thread Pool -- 51) WFLYCONF0001: Activating WildFly MicroProfile Config Subsystem
2020-09-18 03:25:17,127 WARN  [org.jboss.as.txn] (ServerService Thread Pool -- 49) WFLYTX0013: The node-identifier attribute on the /subsystem=transactions is set to the default value. This is a danger for environments running multiple servers. Please make sure the attribute value is unique.
2020-09-18 03:25:17,127 INFO  [org.wildfly.extension.microprofile.health.smallrye] (ServerService Thread Pool -- 52) WFLYHEALTH0001: Activating Eclipse MicroProfile Health Subsystem
2020-09-18 03:25:17,131 INFO  [org.jboss.as.naming] (ServerService Thread Pool -- 43) WFLYNAM0001: Activating Naming Subsystem
2020-09-18 03:25:17,133 INFO  [org.jboss.as.connector.subsystems.datasources] (ServerService Thread Pool -- 32) WFLYJCA0004: Deploying JDBC-compliant driver class org.h2.Driver (version 1.4)
2020-09-18 03:25:17,133 INFO  [org.wildfly.extension.microprofile.metrics.smallrye] (ServerService Thread Pool -- 53) WFLYMETRICS0001: Activating Eclipse MicroProfile Metrics Subsystem
2020-09-18 03:25:17,136 INFO  [org.jboss.as.security] (ServerService Thread Pool -- 48) WFLYSEC0002: Activating Security Subsystem
2020-09-18 03:25:17,153 INFO  [org.jboss.as.security] (MSC service thread 1-1) WFLYSEC0001: Current PicketBox version=5.0.3.Final-redhat-00005
2020-09-18 03:25:17,159 INFO  [org.jboss.as.connector] (MSC service thread 1-8) WFLYJCA0009: Starting JCA Subsystem (WildFly/IronJacamar 1.4.22.Final)
2020-09-18 03:25:17,254 INFO  [org.jboss.as.connector.deployers.jdbc] (MSC service thread 1-4) WFLYJCA0018: Started Driver service with driver-name = h2
2020-09-18 03:25:17,255 WARN  [org.wildfly.clustering.web.undertow] (ServerService Thread Pool -- 54) WFLYCLWEBUT0007: No routing provider found for default-server; using legacy provider based on static configuration
2020-09-18 03:25:17,278 INFO  [org.wildfly.extension.undertow] (MSC service thread 1-6) WFLYUT0003: Undertow 2.1.3.Final starting
2020-09-18 03:25:17,301 INFO  [org.jboss.as.naming] (MSC service thread 1-8) WFLYNAM0003: Starting Naming Service
2020-09-18 03:25:17,313 INFO  [org.jboss.as.mail.extension] (MSC service thread 1-4) WFLYMAIL0001: Bound mail session [java:jboss/mail/Default]
2020-09-18 03:25:17,445 INFO  [org.wildfly.extension.undertow] (ServerService Thread Pool -- 54) WFLYUT0014: Creating file handler for path 'C:\huiswerk\buddyproject\api\authentication-server/welcome-content' with options [directory-listing: 'false', follow-symlink: 'false', case-sensitive: 'true', safe-symlink-paths: '[]']
2020-09-18 03:25:17,517 INFO  [org.jboss.as.jaxrs] (ServerService Thread Pool -- 38) WFLYRS0016: RESTEasy version 3.12.1.Final
2020-09-18 03:25:17,775 INFO  [org.wildfly.extension.io] (ServerService Thread Pool -- 36) WFLYIO001: Worker 'default' has auto-configured to 8 IO threads with 64 max task threads based on your 4 available processors
2020-09-18 03:25:17,793 INFO  [org.jboss.as.ejb3] (MSC service thread 1-4) WFLYEJB0481: Strict pool slsb-strict-max-pool is using a max instance size of 64 (per class), which is derived from thread worker pool sizing.
2020-09-18 03:25:17,792 INFO  [org.jboss.as.ejb3] (MSC service thread 1-2) WFLYEJB0482: Strict pool mdb-strict-max-pool is using a max instance size of 16 (per class), which is derived from the number of CPUs on this host.
2020-09-18 03:25:17,817 INFO  [org.wildfly.extension.undertow] (MSC service thread 1-7) WFLYUT0012: Started server default-server.
2020-09-18 03:25:17,822 INFO  [org.wildfly.extension.undertow] (MSC service thread 1-1) WFLYUT0018: Host default-host starting
2020-09-18 03:25:17,824 INFO  [org.jboss.remoting] (MSC service thread 1-3) JBoss Remoting version 5.0.18.Final
2020-09-18 03:25:17,849 INFO  [org.jboss.as.patching] (MSC service thread 1-6) WFLYPAT0050: Keycloak cumulative patch ID is: base, one-off patches include: none
2020-09-18 03:25:17,859 WARN  [org.jboss.as.domain.management.security] (MSC service thread 1-1) WFLYDM0111: Keystore C:\huiswerk\buddyproject\api\authentication-server\standalone\configuration\application.keystore not found, it will be auto generated on first use with a self signed certificate for host localhost
2020-09-18 03:25:17,885 INFO  [org.wildfly.extension.undertow] (MSC service thread 1-7) WFLYUT0006: Undertow HTTP listener default listening on 127.0.0.1:8080
